<?xml version="1.0" encoding="UTF-8"?>
<testsuite xmlns:xsi="http://www.w3.org/2001/XMLSchema-instance" xsi:noNamespaceSchemaLocation="https://maven.apache.org/surefire/maven-surefire-plugin/xsd/surefire-test-report.xsd" name="testrunner.TestRunner" time="0.372" tests="1" errors="1" skipped="0" failures="0">
  <properties>
[...]
</properties>
  <testcase name="initializationError" classname="testrunner.TestRunner" time="0.006">
    <error message="Duplicate step definitions in stepDefinitions.StepsBidder.Login_to_the_Application() in file:/C:/Users/CSS/eclipse-workspace/CucumberwithSelenium/target/test-classes/ and stepDefinitions.StepsSeller.Login_to_the_Application() in file:/C:/Users/CSS/eclipse-workspace/CucumberwithSelenium/target/test-classes/" type="cucumber.runtime.DuplicateStepDefinitionException">cucumber.runtime.DuplicateStepDefinitionException: Duplicate step definitions in stepDefinitions.StepsBidder.Login_to_the_Application() in file:/C:/Users/CSS/eclipse-workspace/CucumberwithSelenium/target/test-classes/ and stepDefinitions.StepsSeller.Login_to_the_Application() in file:/C:/Users/CSS/eclipse-workspace/CucumberwithSelenium/target/test-classes/
</error>
  </testcase>
</testsuite>